cc -std=c99   -c -o prog.o prog.c
gcc -o prog prog.o
Path env:  /home/fanl/Workspace/utils/llvm-build/bin:/usr/local/sbin:/usr/local/bin:/usr/sbin:/usr/bin:/sbin:/bin:/usr/games:/usr/local/games
cc -std=c99   -c -o prog.o prog.c
['/home/fanl/Workspace/prophet/build/wrap/cc', '-std=c99', '-c', '-o', 'prog.o', 'prog.c']
Invoking: /home/fanl/Workspace/utils/llvm-build/bin/clang -std=c99 -E -o /tmp/pclang_24487184.c prog.c
Invoking: /home/fanl/Workspace/utils/llvm-build/bin/clang -Xclang -load -Xclang /home/fanl/Workspace/prophet/build/wrap/../src/.libs/libprofiler.so.0 -Xclang -plugin -Xclang err-profiler-gen -Xclang -plugin-arg-err-profiler-gen -Xclang /tmp/pclang_38004847.c -Xclang -plugin-arg-err-profiler-gen -Xclang /tmp/__index.loc -std=c99 -c -o prog.o prog.c
Invoking: /home/fanl/Workspace/utils/llvm-build/bin/clang -Xclang -load -Xclang /home/fanl/Workspace/prophet/build/wrap/../src/.libs/libprofiler.so.0 -Xclang -plugin -Xclang err-profiler-rewrite  -Xclang -plugin-arg-err-profiler-rewrite -Xclang /tmp/pclang_38004847.c -Xclang -plugin-arg-err-profiler-rewrite -Xclang /tmp/pclang_96300154.c -std=c99 -c -o prog.o /tmp/pclang_24487184.c
invoking: /home/fanl/Workspace/utils/llvm-build/bin/clang -I/home/fanl/Workspace/prophet/build/wrap/../include -std=c99 -c -o prog.o /tmp/pclang_96300154.c
gcc -o prog prog.o
['/home/fanl/Workspace/prophet/build/wrap/gcc', '-o', 'prog', 'prog.o']
Path env:  /home/fanl/Workspace/prophet/build/wrap:/home/fanl/Workspace/utils/llvm-build/bin:/usr/local/sbin:/usr/local/bin:/usr/sbin:/usr/bin:/sbin:/bin:/usr/games:/usr/local/games
make: `prog' is up to date.
Path env:  /home/fanl/Workspace/utils/llvm-build/bin:/usr/local/sbin:/usr/local/bin:/usr/sbin:/usr/bin:/sbin:/bin:/usr/games:/usr/local/games
cc -std=c99   -c -o prog.o prog.c
gcc -o prog prog.o
cc -std=c99   -c -o prog.o prog.c
gcc -o prog prog.o
cc -std=c99   -c -o prog.o prog.c
gcc -o prog prog.o
cc -std=c99   -c -o prog.o prog.c
gcc -o prog prog.o
cc -std=c99   -c -o prog.o prog.c
gcc -o prog prog.o
cc -std=c99   -c -o prog.o prog.c
gcc -o prog prog.o
cc -std=c99   -c -o prog.o prog.c
gcc -o prog prog.o
cc -std=c99   -c -o prog.o prog.c
prog.c: In function ‘main’:
prog.c:118:9: warning: format ‘%d’ expects argument of type ‘int *’, but argument 2 has type ‘int’ [-Wformat=]
         scanf("%d ", node->next->element);
         ^
prog.c:127:9: warning: format ‘%d’ expects argument of type ‘int *’, but argument 2 has type ‘int’ [-Wformat=]
         scanf("%d ", node->next->element);
         ^
gcc -o prog prog.o
cc -std=c99   -c -o prog.o prog.c
prog.c: In function ‘main’:
prog.c:90:9: warning: passing argument 1 of ‘__overflow’ from incompatible pointer type [enabled by default]
         __overflow("%d ", node->next->element);
         ^
In file included from /usr/include/stdio.h:74:0,
                 from prog.c:2:
/usr/include/libio.h:392:12: note: expected ‘struct _IO_FILE *’ but argument is of type ‘char *’
 extern int __overflow (_IO_FILE *, int);
            ^
prog.c:113:9: warning: passing argument 1 of ‘insertSort’ from incompatible pointer type [enabled by default]
         insertSort("%d ", node->next->element);
         ^
prog.c:33:7: note: expected ‘struct List **’ but argument is of type ‘char *’
 void  insertSort (struct List** l, int v) {
       ^
prog.c:116:9: warning: format ‘%d’ expects argument of type ‘int *’, but argument 2 has type ‘int’ [-Wformat=]
         scanf("%d ", node->next->element);
         ^
gcc -o prog prog.o
cc -std=c99   -c -o prog.o prog.c
gcc -o prog prog.o
cc -std=c99   -c -o prog.o prog.c
prog.c: In function ‘main’:
prog.c:120:9: warning: passing argument 1 of ‘insertSort’ from incompatible pointer type [enabled by default]
         insertSort("%d ", node->next->element);
         ^
prog.c:33:7: note: expected ‘struct List **’ but argument is of type ‘char *’
 void  insertSort (struct List** l, int v) {
       ^
gcc -o prog prog.o
cc -std=c99   -c -o prog.o prog.c
gcc -o prog prog.o
cc -std=c99   -c -o prog.o prog.c
gcc -o prog prog.o
cc -std=c99   -c -o prog.o prog.c
gcc -o prog prog.o
cc -std=c99   -c -o prog.o prog.c
prog.c: In function ‘main’:
prog.c:83:13: warning: format not a string literal and no format arguments [-Wformat-security]
             insertSort(&l, scanf(x));
             ^
prog.c:86:13: warning: format not a string literal and no format arguments [-Wformat-security]
             insertSort(&l, scanf(x));
             ^
prog.c:89:13: warning: format not a string literal and no format arguments [-Wformat-security]
             insertSort(&l, printf(x));
             ^
prog.c:92:13: warning: format not a string literal and no format arguments [-Wformat-security]
             insertSort(&l, scanf(x));
             ^
prog.c:98:13: warning: format not a string literal and no format arguments [-Wformat-security]
             insertSort(&l, printf(x));
             ^
prog.c:101:13: warning: passing argument 1 of ‘strrchr’ from incompatible pointer type [enabled by default]
             strrchr(&l, atoi(x));
             ^
In file included from prog.c:4:0:
/usr/include/string.h:263:14: note: expected ‘const char *’ but argument is of type ‘struct List **’
 extern char *strrchr (const char *__s, int __c)
              ^
prog.c:107:13: warning: passing argument 1 of ‘wctomb’ from incompatible pointer type [enabled by default]
             wctomb(&l, atoi(x));
             ^
In file included from prog.c:3:0:
/usr/include/stdlib.h:870:12: note: expected ‘char *’ but argument is of type ‘struct List **’
 extern int wctomb (char *__s, wchar_t __wchar) __THROW;
            ^
prog.c:110:13: warning: passing argument 1 of ‘strchr’ from incompatible pointer type [enabled by default]
             strchr(&l, atoi(x));
             ^
In file included from prog.c:4:0:
/usr/include/string.h:236:14: note: expected ‘const char *’ but argument is of type ‘struct List **’
 extern char *strchr (const char *__s, int __c)
              ^
gcc -o prog prog.o
cc -std=c99   -c -o prog.o prog.c
gcc -o prog prog.o
cc -std=c99   -c -o prog.o prog.c
gcc -o prog prog.o
cc -std=c99   -c -o prog.o prog.c
prog.c: In function ‘insertSort’:
prog.c:40:14: error: ‘in’ undeclared (first use in this function)
     newNode(&in);
              ^
prog.c:40:14: note: each undeclared identifier is reported only once for each function it appears in
make: *** [prog.o] Error 1
cc -std=c99   -c -o prog.o prog.c
gcc -o prog prog.o
cc -std=c99   -c -o prog.o prog.c
gcc -o prog prog.o
cc -std=c99   -c -o prog.o prog.c
gcc -o prog prog.o
cc -std=c99   -c -o prog.o prog.c
prog.c: In function ‘insertSort’:
prog.c:47:13: error: ‘e’ undeclared (first use in this function)
     while ( e->next != (*l)->head) {
             ^
prog.c:47:13: note: each undeclared identifier is reported only once for each function it appears in
make: *** [prog.o] Error 1
cc -std=c99   -c -o prog.o prog.c
gcc -o prog prog.o
cc -std=c99   -c -o prog.o prog.c
gcc -o prog prog.o
cc -std=c99   -c -o prog.o prog.c
gcc -o prog prog.o
cc -std=c99   -c -o prog.o prog.c
gcc -o prog prog.o
cc -std=c99   -c -o prog.o prog.c
gcc -o prog prog.o
cc -std=c99   -c -o prog.o prog.c
gcc -o prog prog.o
cc -std=c99   -c -o prog.o prog.c
gcc -o prog prog.o
cc -std=c99   -c -o prog.o prog.c
gcc -o prog prog.o
cc -std=c99   -c -o prog.o prog.c
gcc -o prog prog.o
cc -std=c99   -c -o prog.o prog.c
prog.c: In function ‘reverse’:
prog.c:77:9: error: ‘ln1’ undeclared (first use in this function)
         ln1->next = ln3;
         ^
prog.c:77:9: note: each undeclared identifier is reported only once for each function it appears in
make: *** [prog.o] Error 1
cc -std=c99   -c -o prog.o prog.c
gcc -o prog prog.o
cc -std=c99   -c -o prog.o prog.c
gcc -o prog prog.o
cc -std=c99   -c -o prog.o prog.c
gcc -o prog prog.o
cc -std=c99   -c -o prog.o prog.c
gcc -o prog prog.o
cc -std=c99   -c -o prog.o prog.c
prog.c: In function ‘reverse’:
prog.c:75:12: error: ‘ln2’ undeclared (first use in this function)
     while (ln2 != (*l)->head ) {
            ^
prog.c:75:12: note: each undeclared identifier is reported only once for each function it appears in
make: *** [prog.o] Error 1
cc -std=c99   -c -o prog.o prog.c
gcc -o prog prog.o
cc -std=c99   -c -o prog.o prog.c
gcc -o prog prog.o
cc -std=c99   -c -o prog.o prog.c
gcc -o prog prog.o
cc -std=c99   -c -o prog.o prog.c
gcc -o prog prog.o
cc -std=c99   -c -o prog.o prog.c
prog.c: In function ‘reverse’:
prog.c:73:21: error: ‘ln3’ undeclared (first use in this function)
         ln1->next = ln3;
                     ^
prog.c:73:21: note: each undeclared identifier is reported only once for each function it appears in
make: *** [prog.o] Error 1
cc -std=c99   -c -o prog.o prog.c
gcc -o prog prog.o
cc -std=c99   -c -o prog.o prog.c
gcc -o prog prog.o
cc -std=c99   -c -o prog.o prog.c
gcc -o prog prog.o
cc -std=c99   -c -o prog.o prog.c
prog.c: In function ‘reverse’:
prog.c:64:9: error: ‘ln4’ undeclared (first use in this function)
         ln4 = ln2->next;
         ^
prog.c:64:9: note: each undeclared identifier is reported only once for each function it appears in
make: *** [prog.o] Error 1
cc -std=c99   -c -o prog.o prog.c
gcc -o prog prog.o
cc -std=c99   -c -o prog.o prog.c
gcc -o prog prog.o
cc -std=c99   -c -o prog.o prog.c
gcc -o prog prog.o
cc -std=c99   -c -o prog.o prog.c
gcc -o prog prog.o
cc -std=c99   -c -o prog.o prog.c
gcc -o prog prog.o
cc -std=c99   -c -o prog.o prog.c
gcc -o prog prog.o
cc -std=c99   -c -o prog.o prog.c
gcc -o prog prog.o
cc -std=c99   -c -o prog.o prog.c
gcc -o prog prog.o
cc -std=c99   -c -o prog.o prog.c
gcc -o prog prog.o
cc -std=c99   -c -o prog.o prog.c
gcc -o prog prog.o
cc -std=c99   -c -o prog.o prog.c
gcc -o prog prog.o
cc -std=c99   -c -o prog.o prog.c
gcc -o prog prog.o
cc -std=c99   -c -o prog.o prog.c
prog.c: In function ‘main’:
prog.c:93:5: warning: repeated '#' flag in format [-Wformat=]
     printf((" %##uni*##"), l->size);
     ^
prog.c:93:5: warning: '#' flag used with ‘%u’ gnu_printf format [-Wformat=]
gcc -o prog prog.o
cc -std=c99   -c -o prog.o prog.c
prog.c: In function ‘main’:
prog.c:96:5: warning: format ‘%d’ expects argument of type ‘int *’, but argument 2 has type ‘int’ [-Wformat=]
     scanf(" %d", l->size);
     ^
prog.c:126:5: warning: passing argument 1 of ‘insertSort’ from incompatible pointer type [enabled by default]
     insertSort(" %d", l->size);
     ^
prog.c:33:7: note: expected ‘struct List **’ but argument is of type ‘char *’
 void  insertSort (struct List** l, int v) {
       ^
gcc -o prog prog.o
cc -std=c99   -c -o prog.o prog.c
gcc -o prog prog.o
cc -std=c99   -c -o prog.o prog.c
gcc -o prog prog.o
cc -std=c99   -c -o prog.o prog.c
gcc -o prog prog.o
cc -std=c99   -c -o prog.o prog.c
gcc -o prog prog.o
cc -std=c99   -c -o prog.o prog.c
gcc -o prog prog.o
cc -std=c99   -c -o prog.o prog.c
gcc -o prog prog.o
cc -std=c99   -c -o prog.o prog.c
gcc -o prog prog.o
cc -std=c99   -c -o prog.o prog.c
gcc -o prog prog.o
cc -std=c99   -c -o prog.o prog.c
gcc -o prog prog.o
cc -std=c99   -c -o prog.o prog.c
gcc -o prog prog.o
cc -std=c99   -c -o prog.o prog.c
gcc -o prog prog.o
cc -std=c99   -c -o prog.o prog.c
gcc -o prog prog.o
cc -std=c99   -c -o prog.o prog.c
gcc -o prog prog.o
cc -std=c99   -c -o prog.o prog.c
gcc -o prog prog.o
cc -std=c99   -c -o prog.o prog.c
gcc -o prog prog.o
cc -std=c99   -c -o prog.o prog.c
gcc -o prog prog.o
cc -std=c99   -c -o prog.o prog.c
gcc -o prog prog.o
cc -std=c99   -c -o prog.o prog.c
gcc -o prog prog.o
cc -std=c99   -c -o prog.o prog.c
gcc -o prog prog.o
cc -std=c99   -c -o prog.o prog.c
gcc -o prog prog.o
cc -std=c99   -c -o prog.o prog.c
gcc -o prog prog.o
cc -std=c99   -c -o prog.o prog.c
gcc -o prog prog.o
cc -std=c99   -c -o prog.o prog.c
gcc -o prog prog.o
cc -std=c99   -c -o prog.o prog.c
gcc -o prog prog.o
cc -std=c99   -c -o prog.o prog.c
gcc -o prog prog.o
cc -std=c99   -c -o prog.o prog.c
gcc -o prog prog.o
cc -std=c99   -c -o prog.o prog.c
prog.c: In function ‘main’:
prog.c:93:9: error: ‘f’ undeclared (first use in this function)
     if (f==NULL) return 0;
         ^
prog.c:93:9: note: each undeclared identifier is reported only once for each function it appears in
make: *** [prog.o] Error 1
cc -std=c99   -c -o prog.o prog.c
gcc -o prog prog.o
cc -std=c99   -c -o prog.o prog.c
gcc -o prog prog.o
cc -std=c99   -c -o prog.o prog.c
gcc -o prog prog.o
cc -std=c99   -c -o prog.o prog.c
gcc -o prog prog.o
cc -std=c99   -c -o prog.o prog.c
gcc -o prog prog.o
cc -std=c99   -c -o prog.o prog.c
prog.c: In function ‘main’:
prog.c:95:14: error: ‘l’ undeclared (first use in this function)
     newList(&l);
              ^
prog.c:95:14: note: each undeclared identifier is reported only once for each function it appears in
make: *** [prog.o] Error 1
cc -std=c99   -c -o prog.o prog.c
gcc -o prog prog.o
cc -std=c99   -c -o prog.o prog.c
gcc -o prog prog.o
cc -std=c99   -c -o prog.o prog.c
gcc -o prog prog.o
cc -std=c99   -c -o prog.o prog.c
gcc -o prog prog.o
cc -std=c99   -c -o prog.o prog.c
gcc -o prog prog.o
cc -std=c99   -c -o prog.o prog.c
prog.c: In function ‘main’:
prog.c:106:5: error: ‘node’ undeclared (first use in this function)
     node = l->head;
     ^
prog.c:106:5: note: each undeclared identifier is reported only once for each function it appears in
make: *** [prog.o] Error 1
cc -std=c99   -c -o prog.o prog.c
gcc -o prog prog.o
cc -std=c99   -c -o prog.o prog.c
gcc -o prog prog.o
cc -std=c99   -c -o prog.o prog.c
gcc -o prog prog.o
cc -std=c99   -c -o prog.o prog.c
gcc -o prog prog.o
cc -std=c99   -c -o prog.o prog.c
gcc -o prog prog.o
cc -std=c99   -c -o prog.o prog.c
gcc -o prog prog.o
cc -std=c99   -c -o prog.o prog.c
prog.c: In function ‘main’:
prog.c:83:13: warning: passing argument 1 of ‘strrchr’ from incompatible pointer type [enabled by default]
             strrchr(&l, atoi(x));
             ^
In file included from prog.c:4:0:
/usr/include/string.h:263:14: note: expected ‘const char *’ but argument is of type ‘struct List **’
 extern char *strrchr (const char *__s, int __c)
              ^
prog.c:86:13: warning: passing argument 1 of ‘strchr’ from incompatible pointer type [enabled by default]
             strchr(&l, atoi(x));
             ^
In file included from prog.c:4:0:
/usr/include/string.h:236:14: note: expected ‘const char *’ but argument is of type ‘struct List **’
 extern char *strchr (const char *__s, int __c)
              ^
prog.c:89:13: warning: passing argument 1 of ‘printf’ from incompatible pointer type [enabled by default]
             printf(&l, atoi(x));
             ^
In file included from prog.c:2:0:
/usr/include/stdio.h:362:12: note: expected ‘const char * restrict’ but argument is of type ‘struct List **’
 extern int printf (const char *__restrict __format, ...);
            ^
prog.c:92:13: warning: passing argument 1 of ‘scanf’ from incompatible pointer type [enabled by default]
             scanf(&l, atoi(x));
             ^
In file included from /usr/include/features.h:374:0,
                 from /usr/include/stdio.h:27,
                 from prog.c:2:
/usr/include/stdio.h:446:12: note: expected ‘const char * restrict’ but argument is of type ‘struct List **’
 extern int __REDIRECT (scanf, (const char *__restrict __format, ...),
            ^
prog.c:95:13: warning: passing argument 1 of ‘scanf’ from incompatible pointer type [enabled by default]
             scanf(&l, atoi(x));
             ^
In file included from /usr/include/features.h:374:0,
                 from /usr/include/stdio.h:27,
                 from prog.c:2:
/usr/include/stdio.h:446:12: note: expected ‘const char * restrict’ but argument is of type ‘struct List **’
 extern int __REDIRECT (scanf, (const char *__restrict __format, ...),
            ^
prog.c:98:13: warning: passing argument 1 of ‘scanf’ from incompatible pointer type [enabled by default]
             scanf(&l, atoi(x));
             ^
In file included from /usr/include/features.h:374:0,
                 from /usr/include/stdio.h:27,
                 from prog.c:2:
/usr/include/stdio.h:446:12: note: expected ‘const char * restrict’ but argument is of type ‘struct List **’
 extern int __REDIRECT (scanf, (const char *__restrict __format, ...),
            ^
prog.c:101:13: warning: passing argument 1 of ‘__overflow’ from incompatible pointer type [enabled by default]
             __overflow(&l, atoi(x));
             ^
In file included from /usr/include/stdio.h:74:0,
                 from prog.c:2:
/usr/include/libio.h:392:12: note: expected ‘struct _IO_FILE *’ but argument is of type ‘struct List **’
 extern int __overflow (_IO_FILE *, int);
            ^
prog.c:104:13: warning: passing argument 1 of ‘printf’ from incompatible pointer type [enabled by default]
             printf(&l, atoi(x));
             ^
In file included from prog.c:2:0:
/usr/include/stdio.h:362:12: note: expected ‘const char * restrict’ but argument is of type ‘struct List **’
 extern int printf (const char *__restrict __format, ...);
            ^
gcc -o prog prog.o
cc -std=c99   -c -o prog.o prog.c
gcc -o prog prog.o
cc -std=c99   -c -o prog.o prog.c
gcc -o prog prog.o
cc -std=c99   -c -o prog.o prog.c
gcc -o prog prog.o
cc -std=c99   -c -o prog.o prog.c
gcc -o prog prog.o
cc -std=c99   -c -o prog.o prog.c
gcc -o prog prog.o
cc -std=c99   -c -o prog.o prog.c
gcc -o prog prog.o
cc -std=c99   -c -o prog.o prog.c
prog.c: In function ‘main’:
prog.c:93:5: warning: passing argument 1 of ‘insertSort’ from incompatible pointer type [enabled by default]
     insertSort(" %d", l->size);
     ^
prog.c:33:7: note: expected ‘struct List **’ but argument is of type ‘char *’
 void  insertSort (struct List** l, int v) {
       ^
prog.c:108:5: warning: format ‘%d’ expects argument of type ‘int *’, but argument 2 has type ‘int’ [-Wformat=]
     scanf(" %d", l->size);
     ^
prog.c:111:5: warning: format ‘%d’ expects argument of type ‘int *’, but argument 2 has type ‘int’ [-Wformat=]
     scanf(" %d", l->size);
     ^
prog.c:114:5: warning: passing argument 1 of ‘__overflow’ from incompatible pointer type [enabled by default]
     __overflow(" %d", l->size);
     ^
In file included from /usr/include/stdio.h:74:0,
                 from prog.c:2:
/usr/include/libio.h:392:12: note: expected ‘struct _IO_FILE *’ but argument is of type ‘char *’
 extern int __overflow (_IO_FILE *, int);
            ^
gcc -o prog prog.o
cc -std=c99   -c -o prog.o prog.c
gcc -o prog prog.o
cc -std=c99   -c -o prog.o prog.c
gcc -o prog prog.o
cc -std=c99   -c -o prog.o prog.c
gcc -o prog prog.o
cc -std=c99   -c -o prog.o prog.c
gcc -o prog prog.o
cc -std=c99   -c -o prog.o prog.c
gcc -o prog prog.o
cc -std=c99   -c -o prog.o prog.c
gcc -o prog prog.o
cc -std=c99   -c -o prog.o prog.c
gcc -o prog prog.o
